2022-12-30 03:36:56,755 [Worker-2: Loading available Gradle versions] INFO  o.e.b.c.i.u.g.PublishedGradleVersions - Gradle version information cache is up-to-date. Trying to read.
2022-12-30 03:38:20,501 [Worker-19: Importing Maven projects] INFO  o.e.m.c.i.l.LifecycleMappingFactory - Using org.eclipse.m2e.jdt.JarLifecycleMapping lifecycle mapping for MavenProject: com.example:fawrywebApp:0.0.1-SNAPSHOT @ D:\programming\github repos\SDA-fawry-project\phase 2\fawrywebApp\fawrywebApp\pom.xml.
2022-12-30 03:38:21,453 [Worker-19: Importing Maven projects] INFO  o.e.m.j.i.AbstractJavaProjectConfigurator - Adding source folder /fawrywebApp/src/main/java
2022-12-30 03:38:21,455 [Worker-19: Importing Maven projects] INFO  o.e.m.j.i.AbstractJavaProjectConfigurator - Adding resource folder /fawrywebApp/src/main/resources
2022-12-30 03:38:21,457 [Worker-19: Importing Maven projects] INFO  o.e.m.j.i.AbstractJavaProjectConfigurator - Adding resource folder /fawrywebApp/src/main/resources
2022-12-30 03:38:21,459 [Worker-19: Importing Maven projects] INFO  o.e.m.j.i.AbstractJavaProjectConfigurator - Adding source folder /fawrywebApp/src/test/java
2022-12-30 03:38:21,884 [Worker-19: Importing Maven projects] INFO  o.e.m.c.i.p.ProjectConfigurationManager - Imported and configured 1 project(s) in 2 sec
2022-12-30 03:38:24,395 [Worker-1: Building] INFO  o.a.m.s.f.DefaultMavenResourcesFiltering - Copying 1 resource
2022-12-30 03:38:24,435 [Worker-1: Building] INFO  o.a.m.s.f.DefaultMavenResourcesFiltering - Copying 0 resource
2022-12-30 03:38:24,444 [Worker-1: Building] INFO  o.a.m.s.f.DefaultMavenResourcesFiltering - skip non existing resourceDirectory D:\programming\github repos\SDA-fawry-project\phase 2\fawrywebApp\fawrywebApp\src\test\resources
2022-12-30 03:38:35,318 [Worker-4: Building] INFO  o.a.m.s.f.DefaultMavenResourcesFiltering - Copying 0 resource
2022-12-30 03:38:35,318 [Worker-4: Building] INFO  o.a.m.s.f.DefaultMavenResourcesFiltering - Copying 0 resource
2022-12-30 03:38:35,321 [Worker-4: Building] INFO  o.a.m.s.f.DefaultMavenResourcesFiltering - skip non existing resourceDirectory D:\programming\github repos\SDA-fawry-project\phase 2\fawrywebApp\fawrywebApp\src\test\resources
2022-12-30 03:47:02,396 [Worker-30: Launching fawrywebApp - FawrywebAppApplication] INFO  o.a.m.s.f.DefaultMavenResourcesFiltering - Copying 1 resource
2022-12-30 03:47:02,403 [Worker-30: Launching fawrywebApp - FawrywebAppApplication] INFO  o.a.m.s.f.DefaultMavenResourcesFiltering - Copying 0 resource
2022-12-30 03:47:02,408 [Worker-30: Launching fawrywebApp - FawrywebAppApplication] INFO  o.a.m.s.f.DefaultMavenResourcesFiltering - skip non existing resourceDirectory D:\programming\github repos\SDA-fawry-project\phase 2\fawrywebApp\fawrywebApp\src\test\resources
2022-12-30 03:49:32,564 [Worker-44: Launching fawrywebApp - FawrywebAppApplication] INFO  o.a.m.s.f.DefaultMavenResourcesFiltering - Copying 1 resource
2022-12-30 03:49:32,571 [Worker-44: Launching fawrywebApp - FawrywebAppApplication] INFO  o.a.m.s.f.DefaultMavenResourcesFiltering - Copying 0 resource
2022-12-30 03:49:32,574 [Worker-44: Launching fawrywebApp - FawrywebAppApplication] INFO  o.a.m.s.f.DefaultMavenResourcesFiltering - skip non existing resourceDirectory D:\programming\github repos\SDA-fawry-project\phase 2\fawrywebApp\fawrywebApp\src\test\resources
2022-12-30 03:53:49,956 [Worker-35: Launching fawrywebApp - FawrywebAppApplication] INFO  o.a.m.s.f.DefaultMavenResourcesFiltering - Copying 1 resource
2022-12-30 03:53:49,962 [Worker-35: Launching fawrywebApp - FawrywebAppApplication] INFO  o.a.m.s.f.DefaultMavenResourcesFiltering - Copying 0 resource
2022-12-30 03:53:49,965 [Worker-35: Launching fawrywebApp - FawrywebAppApplication] INFO  o.a.m.s.f.DefaultMavenResourcesFiltering - skip non existing resourceDirectory D:\programming\github repos\SDA-fawry-project\phase 2\fawrywebApp\fawrywebApp\src\test\resources
2022-12-30 04:01:15,533 [Worker-50: Launching fawrywebApp - FawrywebAppApplication] INFO  o.a.m.s.f.DefaultMavenResourcesFiltering - Copying 1 resource
2022-12-30 04:01:15,538 [Worker-50: Launching fawrywebApp - FawrywebAppApplication] INFO  o.a.m.s.f.DefaultMavenResourcesFiltering - Copying 0 resource
2022-12-30 04:01:15,542 [Worker-50: Launching fawrywebApp - FawrywebAppApplication] INFO  o.a.m.s.f.DefaultMavenResourcesFiltering - skip non existing resourceDirectory D:\programming\github repos\SDA-fawry-project\phase 2\fawrywebApp\fawrywebApp\src\test\resources
2022-12-30 04:05:03,720 [Worker-52: Launching fawrywebApp - FawrywebAppApplication] INFO  o.a.m.s.f.DefaultMavenResourcesFiltering - Copying 1 resource
2022-12-30 04:05:03,723 [Worker-52: Launching fawrywebApp - FawrywebAppApplication] INFO  o.a.m.s.f.DefaultMavenResourcesFiltering - Copying 0 resource
2022-12-30 04:05:03,728 [Worker-52: Launching fawrywebApp - FawrywebAppApplication] INFO  o.a.m.s.f.DefaultMavenResourcesFiltering - skip non existing resourceDirectory D:\programming\github repos\SDA-fawry-project\phase 2\fawrywebApp\fawrywebApp\src\test\resources
2022-12-30 04:31:10,383 [Worker-4: Loading available Gradle versions] INFO  o.e.b.c.i.u.g.PublishedGradleVersions - Gradle version information cache is up-to-date. Trying to read.
2022-12-30 04:32:33,825 [ModalContext] ERROR o.e.m.c.i.p.r.ProjectRegistryReader - Can't write workspace state
java.io.FileNotFoundException: D:\programming\github repos\SDA-fawry-project\phase 2\fawrywebApp\.metadata\.plugins\org.eclipse.m2e.core\workspaceState.ser (The system cannot find the path specified)
	at java.base/java.io.FileOutputStream.open0(Native Method) ~[na:na]
	at java.base/java.io.FileOutputStream.open(FileOutputStream.java:293) ~[na:na]
	at java.base/java.io.FileOutputStream.<init>(FileOutputStream.java:235) ~[na:na]
	at java.base/java.io.FileOutputStream.<init>(FileOutputStream.java:184) ~[na:na]
	at org.eclipse.m2e.core.internal.project.registry.ProjectRegistryReader.createObjectOutputStream(ProjectRegistryReader.java:128) ~[na:na]
	at org.eclipse.m2e.core.internal.project.registry.ProjectRegistryReader.writeWorkspaceState(ProjectRegistryReader.java:117) ~[na:na]
	at org.eclipse.m2e.core.internal.project.registry.ProjectRegistryManager.writeWorkspaceState(ProjectRegistryManager.java:987) ~[na:na]
	at org.eclipse.m2e.core.internal.project.registry.ProjectRegistryManager.saving(ProjectRegistryManager.java:1199) ~[na:na]
	at org.eclipse.core.internal.resources.SaveManager.executeLifecycle(SaveManager.java:394) ~[na:na]
	at org.eclipse.core.internal.resources.SaveManager$1.run(SaveManager.java:210) ~[na:na]
	at org.eclipse.core.runtime.SafeRunner.run(SafeRunner.java:45) ~[org.eclipse.equinox.common_3.16.200.v20220817-1601.jar:na]
	at org.eclipse.core.internal.resources.SaveManager.broadcastLifecycle(SaveManager.java:213) ~[na:na]
	at org.eclipse.core.internal.resources.SaveManager.save(SaveManager.java:1171) ~[na:na]
	at org.eclipse.core.internal.resources.Workspace.save(Workspace.java:2421) ~[na:na]
	at org.eclipse.ui.internal.ide.application.IDEWorkbenchAdvisor.lambda$1(IDEWorkbenchAdvisor.java:554) ~[na:na]
	at org.eclipse.jface.operation.ModalContext$ModalContextThread.run(ModalContext.java:122) ~[org.eclipse.jface_3.27.0.v20220817-1444.jar:na]
